2024-12-15 00:25:53,159 - INFO - Input size: 13, Number of classes: 10
2024-12-15 00:25:53,200 - INFO - X_train shape: torch.Size([799, 13]), y_train shape: torch.Size([799])
2024-12-15 00:25:53,201 - INFO - X_test shape: torch.Size([200, 13]), y_test shape: torch.Size([200])
2024-12-15 00:26:01,921 - INFO - Model architecture: MusicGenreNN(
  (fc1): Linear(in_features=13, out_features=128, bias=True)
  (fc2): Linear(in_features=128, out_features=64, bias=True)
  (fc3): Linear(in_features=64, out_features=10, bias=True)
  (relu): ReLU()
  (softmax): Softmax(dim=1)
)
2024-12-15 00:26:01,921 - INFO - Optimizer: Adam (
Parameter Group 0
    amsgrad: False
    betas: (0.9, 0.999)
    capturable: False
    differentiable: False
    eps: 1e-08
    foreach: None
    fused: None
    lr: 0.001
    maximize: False
    weight_decay: 0
)
